CREATE TABLE "django_migrations" ("id" integer NOT NULL PRIMARY KEY AUTOINCREMENT, "app" varchar(255) NOT NULL, "name" varchar(255) NOT NULL, "applied" datetime NOT NULL); (params None)
CREATE TABLE "Seller_goods" ("id" integer NOT NULL PRIMARY KEY AUTOINCREMENT, "goods_number" varchar(11) NOT NULL, "goods_name" varchar(32) NOT NULL, "goods_location" varchar(254) NOT NULL, "goods_price" real NOT NULL, "goods_pro_time" date NOT NULL, "goods_safe_date" integer NOT NULL, "goods_count" integer NOT NULL, "goods_status" integer NOT NULL); (params None)
CREATE TABLE "Seller_loginuser" ("id" integer NOT NULL PRIMARY KEY AUTOINCREMENT, "email" varchar(254) NOT NULL, "password" varchar(32) NOT NULL, "username" varchar(32) NULL, "phone_number" integer NULL, "photo" varchar(100) NULL, "age" integer NULL, "gender" varchar(32) NULL, "address" text NULL); (params None)
ALTER TABLE "Seller_loginuser" RENAME TO "Seller_loginuser__old"; (params ())
CREATE TABLE "Seller_loginuser" ("id" integer NOT NULL PRIMARY KEY AUTOINCREMENT, "email" varchar(254) NOT NULL, "password" varchar(32) NOT NULL, "username" varchar(32) NULL, "phone_number" integer NULL, "age" integer NULL, "gender" varchar(32) NULL, "address" text NULL, "photo" varchar(100) NULL); (params None)
INSERT INTO "Seller_loginuser" ("phone_number", "address", "username", "gender", "photo", "age", "email", "id", "password") SELECT "phone_number", "address", "username", "gender", "photo", "age", "email", "id", "password" FROM "Seller_loginuser__old"; (params ())
DROP TABLE "Seller_loginuser__old"; (params ())
ALTER TABLE "Seller_loginuser" RENAME TO "Seller_loginuser__old"; (params ())
CREATE TABLE "Seller_loginuser" ("id" integer NOT NULL PRIMARY KEY AUTOINCREMENT, "email" varchar(254) NOT NULL, "password" varchar(32) NOT NULL, "username" varchar(32) NULL, "phone_number" integer NULL, "age" integer NULL, "gender" varchar(32) NULL, "address" text NULL, "photo" varchar(100) NULL); (params None)
INSERT INTO "Seller_loginuser" ("phone_number", "address", "username", "gender", "photo", "age", "email", "id", "password") SELECT "phone_number", "address", "username", "gender", "photo", "age", "email", "id", "password" FROM "Seller_loginuser__old"; (params ())
DROP TABLE "Seller_loginuser__old"; (params ())
ALTER TABLE "Seller_loginuser" RENAME TO "Seller_loginuser__old"; (params ())
CREATE TABLE "Seller_loginuser" ("id" integer NOT NULL PRIMARY KEY AUTOINCREMENT, "email" varchar(254) NOT NULL, "password" varchar(32) NOT NULL, "username" varchar(32) NULL, "phone_number" integer NULL, "age" integer NULL, "gender" varchar(32) NULL, "address" text NULL, "photo" varchar(100) NULL); (params None)
INSERT INTO "Seller_loginuser" ("phone_number", "address", "username", "gender", "photo", "age", "email", "id", "password") SELECT "phone_number", "address", "username", "gender", "photo", "age", "email", "id", "password" FROM "Seller_loginuser__old"; (params ())
DROP TABLE "Seller_loginuser__old"; (params ())
ALTER TABLE "Seller_loginuser" RENAME TO "Seller_loginuser__old"; (params ())
CREATE TABLE "Seller_loginuser" ("id" integer NOT NULL PRIMARY KEY AUTOINCREMENT, "email" varchar(254) NOT NULL, "password" varchar(32) NOT NULL, "username" varchar(32) NULL, "phone_number" integer NULL, "age" integer NULL, "gender" varchar(32) NULL, "address" text NULL, "photo" varchar(100) NULL); (params None)
INSERT INTO "Seller_loginuser" ("phone_number", "address", "username", "gender", "photo", "age", "email", "id", "password") SELECT "phone_number", "address", "username", "gender", "photo", "age", "email", "id", "password" FROM "Seller_loginuser__old"; (params ())
DROP TABLE "Seller_loginuser__old"; (params ())
ALTER TABLE "Seller_loginuser" RENAME TO "Seller_loginuser__old"; (params ())
CREATE TABLE "Seller_loginuser" ("id" integer NOT NULL PRIMARY KEY AUTOINCREMENT, "email" varchar(254) NOT NULL, "password" varchar(32) NOT NULL, "username" varchar(32) NULL, "phone_number" integer NULL, "age" integer NULL, "gender" varchar(32) NULL, "address" text NULL, "photo" varchar(100) NULL); (params None)
INSERT INTO "Seller_loginuser" ("phone_number", "address", "username", "gender", "photo", "age", "email", "id", "password") SELECT "phone_number", "address", "username", "gender", "photo", "age", "email", "id", "password" FROM "Seller_loginuser__old"; (params ())
DROP TABLE "Seller_loginuser__old"; (params ())
ALTER TABLE "Seller_loginuser" RENAME TO "Seller_loginuser__old"; (params ())
CREATE TABLE "Seller_loginuser" ("id" integer NOT NULL PRIMARY KEY AUTOINCREMENT, "email" varchar(254) NOT NULL, "password" varchar(32) NOT NULL, "username" varchar(32) NULL, "phone_number" integer NULL, "age" integer NULL, "gender" varchar(32) NULL, "address" text NULL, "photo" varchar(100) NULL); (params None)
INSERT INTO "Seller_loginuser" ("phone_number", "address", "username", "gender", "photo", "age", "email", "id", "password") SELECT "phone_number", "address", "username", "gender", "photo", "age", "email", "id", "password" FROM "Seller_loginuser__old"; (params ())
DROP TABLE "Seller_loginuser__old"; (params ())
ALTER TABLE "Seller_loginuser" RENAME TO "Seller_loginuser__old"; (params ())
CREATE TABLE "Seller_loginuser" ("id" integer NOT NULL PRIMARY KEY AUTOINCREMENT, "email" varchar(254) NOT NULL, "password" varchar(32) NOT NULL, "username" varchar(32) NULL, "phone_number" integer NULL, "photo" varchar(100) NULL, "age" integer NULL, "gender" varchar(32) NULL, "address" text NULL, "user_type" integer NOT NULL); (params None)
INSERT INTO "Seller_loginuser" ("phone_number", "user_type", "address", "username", "gender", "photo", "age", "email", "id", "password") SELECT "phone_number", 0, "address", "username", "gender", "photo", "age", "email", "id", "password" FROM "Seller_loginuser__old"; (params ())
DROP TABLE "Seller_loginuser__old"; (params ())
CREATE TABLE "Seller_goodstype" ("id" integer NOT NULL PRIMARY KEY AUTOINCREMENT, "type_label" varchar(32) NOT NULL, "type_description" text NOT NULL); (params None)
ALTER TABLE "Seller_goods" RENAME TO "Seller_goods__old"; (params ())
CREATE TABLE "Seller_goods" ("id" integer NOT NULL PRIMARY KEY AUTOINCREMENT, "goods_number" varchar(11) NOT NULL, "goods_name" varchar(32) NOT NULL, "goods_location" varchar(254) NOT NULL, "goods_price" real NOT NULL, "goods_pro_time" date NOT NULL, "goods_safe_date" integer NOT NULL, "goods_count" integer NOT NULL, "goods_status" integer NOT NULL, "picture" varchar(100) NOT NULL); (params None)
INSERT INTO "Seller_goods" ("goods_location", "goods_price", "goods_number", "picture", "goods_name", "goods_status", "goods_pro_time", "goods_safe_date", "id", "goods_count") SELECT "goods_location", "goods_price", "goods_number", '', "goods_name", "goods_status", "goods_pro_time", "goods_safe_date", "id", "goods_count" FROM "Seller_goods__old"; (params ())
DROP TABLE "Seller_goods__old"; (params ())
ALTER TABLE "Seller_goods" RENAME TO "Seller_goods__old"; (params ())
CREATE TABLE "Seller_goods" ("id" integer NOT NULL PRIMARY KEY AUTOINCREMENT, "goods_number" varchar(11) NOT NULL, "goods_name" varchar(32) NOT NULL, "goods_location" varchar(254) NOT NULL, "goods_price" real NOT NULL, "goods_pro_time" date NOT NULL, "goods_safe_date" integer NOT NULL, "goods_count" integer NOT NULL, "goods_status" integer NOT NULL, "picture" varchar(100) NOT NULL, "goods_store_id" integer NOT NULL REFERENCES "Seller_loginuser" ("id") DEFERRABLE INITIALLY DEFERRED); (params None)
INSERT INTO "Seller_goods" ("goods_location", "goods_price", "goods_number", "picture", "goods_name", "goods_status", "goods_pro_time", "goods_store_id", "goods_safe_date", "id", "goods_count") SELECT "goods_location", "goods_price", "goods_number", "picture", "goods_name", "goods_status", "goods_pro_time", 1, "goods_safe_date", "id", "goods_count" FROM "Seller_goods__old"; (params ())
DROP TABLE "Seller_goods__old"; (params ())
CREATE INDEX "Seller_goods_goods_store_id_41b0846f" ON "Seller_goods" ("goods_store_id"); (params ())
ALTER TABLE "Seller_goods" RENAME TO "Seller_goods__old"; (params ())
CREATE TABLE "Seller_goods" ("id" integer NOT NULL PRIMARY KEY AUTOINCREMENT, "goods_number" varchar(11) NOT NULL, "goods_name" varchar(32) NOT NULL, "goods_location" varchar(254) NOT NULL, "goods_price" real NOT NULL, "goods_pro_time" date NOT NULL, "goods_safe_date" integer NOT NULL, "goods_count" integer NOT NULL, "goods_status" integer NOT NULL, "picture" varchar(100) NOT NULL, "goods_store_id" integer NOT NULL REFERENCES "Seller_loginuser" ("id") DEFERRABLE INITIALLY DEFERRED, "goods_type_id" integer NOT NULL REFERENCES "Seller_goodstype" ("id") DEFERRABLE INITIALLY DEFERRED); (params None)
INSERT INTO "Seller_goods" ("goods_location", "goods_store_id", "goods_name", "goods_status", "goods_pro_time", "goods_type_id", "id", "goods_safe_date", "goods_price", "goods_number", "picture", "goods_count") SELECT "goods_location", "goods_store_id", "goods_name", "goods_status", "goods_pro_time", 1, "id", "goods_safe_date", "goods_price", "goods_number", "picture", "goods_count" FROM "Seller_goods__old"; (params ())
DROP TABLE "Seller_goods__old"; (params ())
CREATE INDEX "Seller_goods_goods_store_id_41b0846f" ON "Seller_goods" ("goods_store_id"); (params ())
CREATE INDEX "Seller_goods_goods_type_id_84e40816" ON "Seller_goods" ("goods_type_id"); (params ())
ALTER TABLE "Seller_goodstype" RENAME TO "Seller_goodstype__old"; (params ())
CREATE TABLE "Seller_goodstype" ("id" integer NOT NULL PRIMARY KEY AUTOINCREMENT, "type_label" varchar(32) NOT NULL, "type_description" text NOT NULL, "picture" varchar(100) NOT NULL); (params None)
INSERT INTO "Seller_goodstype" ("type_label", "picture", "id", "type_description") SELECT "type_label", 'seller/images', "id", "type_description" FROM "Seller_goodstype__old"; (params ())
DROP TABLE "Seller_goodstype__old"; (params ())
ALTER TABLE "Seller_goods" RENAME TO "Seller_goods__old"; (params ())
CREATE TABLE "Seller_goods" ("id" integer NOT NULL PRIMARY KEY AUTOINCREMENT, "goods_number" varchar(11) NOT NULL, "goods_name" varchar(32) NOT NULL, "goods_location" varchar(254) NOT NULL, "goods_price" real NOT NULL, "goods_pro_time" date NOT NULL, "goods_safe_date" integer NOT NULL, "goods_count" integer NOT NULL, "goods_status" integer NOT NULL, "goods_store_id" integer NOT NULL REFERENCES "Seller_loginuser" ("id") DEFERRABLE INITIALLY DEFERRED, "goods_type_id" integer NOT NULL REFERENCES "Seller_goodstype" ("id") DEFERRABLE INITIALLY DEFERRED, "picture" varchar(100) NOT NULL); (params None)
INSERT INTO "Seller_goods" ("goods_location", "goods_store_id", "goods_name", "goods_status", "goods_pro_time", "goods_type_id", "id", "goods_safe_date", "goods_price", "goods_number", "picture", "goods_count") SELECT "goods_location", "goods_store_id", "goods_name", "goods_status", "goods_pro_time", "goods_type_id", "id", "goods_safe_date", "goods_price", "goods_number", "picture", "goods_count" FROM "Seller_goods__old"; (params ())
DROP TABLE "Seller_goods__old"; (params ())
CREATE INDEX "Seller_goods_goods_store_id_41b0846f" ON "Seller_goods" ("goods_store_id"); (params ())
CREATE INDEX "Seller_goods_goods_type_id_84e40816" ON "Seller_goods" ("goods_type_id"); (params ())
ALTER TABLE "Seller_loginuser" RENAME TO "Seller_loginuser__old"; (params ())
CREATE TABLE "Seller_loginuser" ("id" integer NOT NULL PRIMARY KEY AUTOINCREMENT, "email" varchar(254) NOT NULL, "password" varchar(32) NOT NULL, "username" varchar(32) NULL, "phone_number" integer NULL, "age" integer NULL, "gender" varchar(32) NULL, "address" text NULL, "user_type" integer NOT NULL, "photo" varchar(100) NULL); (params None)
INSERT INTO "Seller_loginuser" ("phone_number", "user_type", "address", "username", "gender", "photo", "age", "email", "id", "password") SELECT "phone_number", "user_type", "address", "username", "gender", "photo", "age", "email", "id", "password" FROM "Seller_loginuser__old"; (params ())
DROP TABLE "Seller_loginuser__old"; (params ())
ALTER TABLE "Seller_goods" RENAME TO "Seller_goods__old"; (params ())
CREATE TABLE "Seller_goods" ("id" integer NOT NULL PRIMARY KEY AUTOINCREMENT, "goods_number" varchar(11) NOT NULL, "goods_name" varchar(32) NOT NULL, "goods_location" varchar(254) NOT NULL, "goods_price" real NOT NULL, "goods_safe_date" integer NOT NULL, "goods_count" integer NOT NULL, "goods_status" integer NOT NULL, "picture" varchar(100) NOT NULL, "goods_store_id" integer NOT NULL REFERENCES "Seller_loginuser" ("id") DEFERRABLE INITIALLY DEFERRED, "goods_type_id" integer NOT NULL REFERENCES "Seller_goodstype" ("id") DEFERRABLE INITIALLY DEFERRED, "goods_pro_time" date NOT NULL); (params None)
INSERT INTO "Seller_goods" ("goods_location", "goods_store_id", "goods_name", "goods_status", "goods_pro_time", "goods_type_id", "id", "goods_safe_date", "goods_price", "goods_number", "picture", "goods_count") SELECT "goods_location", "goods_store_id", "goods_name", "goods_status", "goods_pro_time", "goods_type_id", "id", "goods_safe_date", "goods_price", "goods_number", "picture", "goods_count" FROM "Seller_goods__old"; (params ())
DROP TABLE "Seller_goods__old"; (params ())
CREATE INDEX "Seller_goods_goods_store_id_41b0846f" ON "Seller_goods" ("goods_store_id"); (params ())
CREATE INDEX "Seller_goods_goods_type_id_84e40816" ON "Seller_goods" ("goods_type_id"); (params ())
ALTER TABLE "Seller_goods" RENAME TO "Seller_goods__old"; (params ())
CREATE TABLE "Seller_goods" ("id" integer NOT NULL PRIMARY KEY AUTOINCREMENT, "goods_number" varchar(11) NOT NULL, "goods_name" varchar(32) NOT NULL, "goods_location" varchar(254) NOT NULL, "goods_price" real NOT NULL, "goods_pro_time" date NOT NULL, "goods_safe_date" integer NOT NULL, "goods_count" integer NOT NULL, "goods_status" integer NOT NULL, "picture" varchar(100) NOT NULL, "goods_store_id" integer NOT NULL REFERENCES "Seller_loginuser" ("id") DEFERRABLE INITIALLY DEFERRED, "goods_type_id" integer NOT NULL REFERENCES "Seller_goodstype" ("id") DEFERRABLE INITIALLY DEFERRED, "goods_description" text NOT NULL); (params None)
INSERT INTO "Seller_goods" ("goods_location", "goods_store_id", "goods_name", "goods_status", "goods_pro_time", "goods_type_id", "id", "goods_safe_date", "goods_price", "goods_number", "picture", "goods_description", "goods_count") SELECT "goods_location", "goods_store_id", "goods_name", "goods_status", "goods_pro_time", "goods_type_id", "id", "goods_safe_date", "goods_price", "goods_number", "picture", '三娃超市,超市三娃', "goods_count" FROM "Seller_goods__old"; (params ())
DROP TABLE "Seller_goods__old"; (params ())
CREATE INDEX "Seller_goods_goods_store_id_41b0846f" ON "Seller_goods" ("goods_store_id"); (params ())
CREATE INDEX "Seller_goods_goods_type_id_84e40816" ON "Seller_goods" ("goods_type_id"); (params ())
CREATE TABLE "Buyer_orderinfo" ("id" integer NOT NULL PRIMARY KEY AUTOINCREMENT, "goods_id" integer NOT NULL, "goods_picture" varchar(32) NOT NULL, "goods_name" varchar(32) NOT NULL, "goods_count" integer NOT NULL, "goods_price" real NOT NULL, "goods_total_price" real NOT NULL); (params None)
CREATE TABLE "Buyer_payorder" ("id" integer NOT NULL PRIMARY KEY AUTOINCREMENT, "order_number" varchar(32) NOT NULL, "order_data" datetime NOT NULL, "order_status" integer NOT NULL, "order_total" real NULL, "order_user_id" integer NOT NULL REFERENCES "Seller_loginuser" ("id") DEFERRABLE INITIALLY DEFERRED); (params None)
ALTER TABLE "Buyer_orderinfo" RENAME TO "Buyer_orderinfo__old"; (params ())
CREATE TABLE "Buyer_orderinfo" ("id" integer NOT NULL PRIMARY KEY AUTOINCREMENT, "goods_id" integer NOT NULL, "goods_picture" varchar(32) NOT NULL, "goods_name" varchar(32) NOT NULL, "goods_count" integer NOT NULL, "goods_price" real NOT NULL, "goods_total_price" real NOT NULL, "order_id_id" integer NOT NULL REFERENCES "Buyer_payorder" ("id") DEFERRABLE INITIALLY DEFERRED); (params None)
INSERT INTO "Buyer_orderinfo" ("goods_price", "goods_id", "order_id_id", "goods_name", "goods_picture", "goods_total_price", "id", "goods_count") SELECT "goods_price", "goods_id", NULL, "goods_name", "goods_picture", "goods_total_price", "id", "goods_count" FROM "Buyer_orderinfo__old"; (params ())
DROP TABLE "Buyer_orderinfo__old"; (params ())
CREATE INDEX "Buyer_payorder_order_user_id_710378ff" ON "Buyer_payorder" ("order_user_id"); (params ())
CREATE INDEX "Buyer_orderinfo_order_id_id_050a2ac0" ON "Buyer_orderinfo" ("order_id_id"); (params ())
ALTER TABLE "Buyer_orderinfo" RENAME TO "Buyer_orderinfo__old"; (params ())
CREATE TABLE "Buyer_orderinfo" ("id" integer NOT NULL PRIMARY KEY AUTOINCREMENT, "goods_id" integer NOT NULL, "goods_picture" varchar(32) NOT NULL, "goods_name" varchar(32) NOT NULL, "goods_count" integer NOT NULL, "goods_price" real NOT NULL, "goods_total_price" real NOT NULL, "order_id_id" integer NOT NULL REFERENCES "Buyer_payorder" ("id") DEFERRABLE INITIALLY DEFERRED, "store_id_id" integer NOT NULL REFERENCES "Seller_loginuser" ("id") DEFERRABLE INITIALLY DEFERRED); (params None)
INSERT INTO "Buyer_orderinfo" ("goods_price", "goods_id", "order_id_id", "goods_name", "store_id_id", "goods_picture", "goods_total_price", "id", "goods_count") SELECT "goods_price", "goods_id", "order_id_id", "goods_name", NULL, "goods_picture", "goods_total_price", "id", "goods_count" FROM "Buyer_orderinfo__old"; (params ())
DROP TABLE "Buyer_orderinfo__old"; (params ())
CREATE INDEX "Buyer_orderinfo_order_id_id_050a2ac0" ON "Buyer_orderinfo" ("order_id_id"); (params ())
CREATE INDEX "Buyer_orderinfo_store_id_id_000b343c" ON "Buyer_orderinfo" ("store_id_id"); (params ())
CREATE TABLE "Buyer_cart" ("id" integer NOT NULL PRIMARY KEY AUTOINCREMENT, "goods_name" varchar(32) NOT NULL, "goods_number" integer NOT NULL, "goods_price" real NOT NULL, "goods_picture" varchar(32) NOT NULL, "goods_total" real NOT NULL, "goods_id" integer NOT NULL, "cart_user" integer NOT NULL); (params None)
ALTER TABLE "Buyer_payorder" RENAME TO "Buyer_payorder__old"; (params ())
CREATE TABLE "Buyer_payorder" ("id" integer NOT NULL PRIMARY KEY AUTOINCREMENT, "order_number" varchar(32) NOT NULL, "order_data" datetime NOT NULL, "order_total" real NULL, "order_user_id" integer NOT NULL REFERENCES "Seller_loginuser" ("id") DEFERRABLE INITIALLY DEFERRED); (params None)
INSERT INTO "Buyer_payorder" ("order_total", "order_data", "order_user_id", "order_number", "id") SELECT "order_total", "order_data", "order_user_id", "order_number", "id" FROM "Buyer_payorder__old"; (params ())
DROP TABLE "Buyer_payorder__old"; (params ())
CREATE INDEX "Buyer_payorder_order_user_id_710378ff" ON "Buyer_payorder" ("order_user_id"); (params ())
ALTER TABLE "Buyer_orderinfo" RENAME TO "Buyer_orderinfo__old"; (params ())
CREATE TABLE "Buyer_orderinfo" ("id" integer NOT NULL PRIMARY KEY AUTOINCREMENT, "goods_id" integer NOT NULL, "goods_picture" varchar(32) NOT NULL, "goods_name" varchar(32) NOT NULL, "goods_count" integer NOT NULL, "goods_price" real NOT NULL, "goods_total_price" real NOT NULL, "order_id_id" integer NOT NULL REFERENCES "Buyer_payorder" ("id") DEFERRABLE INITIALLY DEFERRED, "store_id_id" integer NOT NULL REFERENCES "Seller_loginuser" ("id") DEFERRABLE INITIALLY DEFERRED, "goods_status" integer NOT NULL); (params None)
INSERT INTO "Buyer_orderinfo" ("goods_price", "goods_id", "order_id_id", "goods_name", "store_id_id", "goods_picture", "goods_status", "goods_total_price", "id", "goods_count") SELECT "goods_price", "goods_id", "order_id_id", "goods_name", "store_id_id", "goods_picture", 0, "goods_total_price", "id", "goods_count" FROM "Buyer_orderinfo__old"; (params ())
DROP TABLE "Buyer_orderinfo__old"; (params ())
CREATE INDEX "Buyer_orderinfo_order_id_id_050a2ac0" ON "Buyer_orderinfo" ("order_id_id"); (params ())
CREATE INDEX "Buyer_orderinfo_store_id_id_000b343c" ON "Buyer_orderinfo" ("store_id_id"); (params ())
CREATE TABLE "Seller_valid_code" ("id" integer NOT NULL PRIMARY KEY AUTOINCREMENT, "code_content" varchar(32) NOT NULL, "code_user" varchar(254) NOT NULL, "code_time" datetime NOT NULL, "code_state" integer NOT NULL); (params None)
CREATE TABLE "django_content_type" ("id" integer NOT NULL PRIMARY KEY AUTOINCREMENT, "name" varchar(100) NOT NULL, "app_label" varchar(100) NOT NULL, "model" varchar(100) NOT NULL); (params None)
CREATE UNIQUE INDEX "django_content_type_app_label_model_76bd3d3b_uniq" ON "django_content_type" ("app_label", "model"); (params ())
CREATE TABLE "auth_permission" ("id" integer NOT NULL PRIMARY KEY AUTOINCREMENT, "name" varchar(50) NOT NULL, "content_type_id" integer NOT NULL REFERENCES "django_content_type" ("id") DEFERRABLE INITIALLY DEFERRED, "codename" varchar(100) NOT NULL); (params None)
CREATE TABLE "auth_group" ("id" integer NOT NULL PRIMARY KEY AUTOINCREMENT, "name" varchar(80) NOT NULL UNIQUE); (params None)
CREATE TABLE "auth_group_permissions" ("id" integer NOT NULL PRIMARY KEY AUTOINCREMENT, "group_id" integer NOT NULL REFERENCES "auth_group" ("id") DEFERRABLE INITIALLY DEFERRED, "permission_id" integer NOT NULL REFERENCES "auth_permission" ("id") DEFERRABLE INITIALLY DEFERRED); (params None)
CREATE TABLE "auth_user" ("id" integer NOT NULL PRIMARY KEY AUTOINCREMENT, "password" varchar(128) NOT NULL, "last_login" datetime NOT NULL, "is_superuser" bool NOT NULL, "username" varchar(30) NOT NULL UNIQUE, "first_name" varchar(30) NOT NULL, "last_name" varchar(30) NOT NULL, "email" varchar(75) NOT NULL, "is_staff" bool NOT NULL, "is_active" bool NOT NULL, "date_joined" datetime NOT NULL); (params None)
CREATE TABLE "auth_user_groups" ("id" integer NOT NULL PRIMARY KEY AUTOINCREMENT, "user_id" integer NOT NULL REFERENCES "auth_user" ("id") DEFERRABLE INITIALLY DEFERRED, "group_id" integer NOT NULL REFERENCES "auth_group" ("id") DEFERRABLE INITIALLY DEFERRED); (params None)
CREATE TABLE "auth_user_user_permissions" ("id" integer NOT NULL PRIMARY KEY AUTOINCREMENT, "user_id" integer NOT NULL REFERENCES "auth_user" ("id") DEFERRABLE INITIALLY DEFERRED, "permission_id" integer NOT NULL REFERENCES "auth_permission" ("id") DEFERRABLE INITIALLY DEFERRED); (params None)
CREATE UNIQUE INDEX "auth_permission_content_type_id_codename_01ab375a_uniq" ON "auth_permission" ("content_type_id", "codename"); (params ())
CREATE INDEX "auth_permission_content_type_id_2f476e4b" ON "auth_permission" ("content_type_id"); (params ())
CREATE UNIQUE INDEX "auth_group_permissions_group_id_permission_id_0cd325b0_uniq" ON "auth_group_permissions" ("group_id", "permission_id"); (params ())
CREATE INDEX "auth_group_permissions_group_id_b120cbf9" ON "auth_group_permissions" ("group_id"); (params ())
CREATE INDEX "auth_group_permissions_permission_id_84c5c92e" ON "auth_group_permissions" ("permission_id"); (params ())
CREATE UNIQUE INDEX "auth_user_groups_user_id_group_id_94350c0c_uniq" ON "auth_user_groups" ("user_id", "group_id"); (params ())
CREATE INDEX "auth_user_groups_user_id_6a12ed8b" ON "auth_user_groups" ("user_id"); (params ())
CREATE INDEX "auth_user_groups_group_id_97559544" ON "auth_user_groups" ("group_id"); (params ())
CREATE UNIQUE INDEX "auth_user_user_permissions_user_id_permission_id_14a6b632_uniq" ON "auth_user_user_permissions" ("user_id", "permission_id"); (params ())
CREATE INDEX "auth_user_user_permissions_user_id_a95ead1b" ON "auth_user_user_permissions" ("user_id"); (params ())
CREATE INDEX "auth_user_user_permissions_permission_id_1fbb5f2c" ON "auth_user_user_permissions" ("permission_id"); (params ())
CREATE TABLE "django_admin_log" ("id" integer NOT NULL PRIMARY KEY AUTOINCREMENT, "action_time" datetime NOT NULL, "object_id" text NULL, "object_repr" varchar(200) NOT NULL, "action_flag" smallint unsigned NOT NULL, "change_message" text NOT NULL, "content_type_id" integer NULL REFERENCES "django_content_type" ("id") DEFERRABLE INITIALLY DEFERRED, "user_id" integer NOT NULL REFERENCES "auth_user" ("id") DEFERRABLE INITIALLY DEFERRED); (params None)
CREATE INDEX "django_admin_log_content_type_id_c4bce8eb" ON "django_admin_log" ("content_type_id"); (params ())
CREATE INDEX "django_admin_log_user_id_c564eba6" ON "django_admin_log" ("user_id"); (params ())
ALTER TABLE "django_admin_log" RENAME TO "django_admin_log__old"; (params ())
CREATE TABLE "django_admin_log" ("id" integer NOT NULL PRIMARY KEY AUTOINCREMENT, "object_id" text NULL, "object_repr" varchar(200) NOT NULL, "action_flag" smallint unsigned NOT NULL, "change_message" text NOT NULL, "content_type_id" integer NULL REFERENCES "django_content_type" ("id") DEFERRABLE INITIALLY DEFERRED, "user_id" integer NOT NULL REFERENCES "auth_user" ("id") DEFERRABLE INITIALLY DEFERRED, "action_time" datetime NOT NULL); (params None)
INSERT INTO "django_admin_log" ("object_repr", "action_time", "user_id", "change_message", "content_type_id", "action_flag", "id", "object_id") SELECT "object_repr", "action_time", "user_id", "change_message", "content_type_id", "action_flag", "id", "object_id" FROM "django_admin_log__old"; (params ())
DROP TABLE "django_admin_log__old"; (params ())
CREATE INDEX "django_admin_log_content_type_id_c4bce8eb" ON "django_admin_log" ("content_type_id"); (params ())
CREATE INDEX "django_admin_log_user_id_c564eba6" ON "django_admin_log" ("user_id"); (params ())
ALTER TABLE "django_admin_log" RENAME TO "django_admin_log__old"; (params ())
CREATE TABLE "django_admin_log" ("id" integer NOT NULL PRIMARY KEY AUTOINCREMENT, "action_time" datetime NOT NULL, "object_id" text NULL, "object_repr" varchar(200) NOT NULL, "change_message" text NOT NULL, "content_type_id" integer NULL REFERENCES "django_content_type" ("id") DEFERRABLE INITIALLY DEFERRED, "user_id" integer NOT NULL REFERENCES "auth_user" ("id") DEFERRABLE INITIALLY DEFERRED, "action_flag" smallint unsigned NOT NULL); (params None)
INSERT INTO "django_admin_log" ("object_repr", "action_time", "user_id", "change_message", "content_type_id", "action_flag", "id", "object_id") SELECT "object_repr", "action_time", "user_id", "change_message", "content_type_id", "action_flag", "id", "object_id" FROM "django_admin_log__old"; (params ())
DROP TABLE "django_admin_log__old"; (params ())
CREATE INDEX "django_admin_log_content_type_id_c4bce8eb" ON "django_admin_log" ("content_type_id"); (params ())
CREATE INDEX "django_admin_log_user_id_c564eba6" ON "django_admin_log" ("user_id"); (params ())
ALTER TABLE "django_content_type" RENAME TO "django_content_type__old"; (params ())
CREATE TABLE "django_content_type" ("id" integer NOT NULL PRIMARY KEY AUTOINCREMENT, "app_label" varchar(100) NOT NULL, "model" varchar(100) NOT NULL, "name" varchar(100) NULL); (params None)
INSERT INTO "django_content_type" ("app_label", "model", "name", "id") SELECT "app_label", "model", "name", "id" FROM "django_content_type__old"; (params ())
DROP TABLE "django_content_type__old"; (params ())
CREATE UNIQUE INDEX "django_content_type_app_label_model_76bd3d3b_uniq" ON "django_content_type" ("app_label", "model"); (params ())
ALTER TABLE "django_content_type" RENAME TO "django_content_type__old"; (params ())
CREATE TABLE "django_content_type" ("id" integer NOT NULL PRIMARY KEY AUTOINCREMENT, "app_label" varchar(100) NOT NULL, "model" varchar(100) NOT NULL); (params None)
INSERT INTO "django_content_type" ("app_label", "model", "id") SELECT "app_label", "model", "id" FROM "django_content_type__old"; (params ())
DROP TABLE "django_content_type__old"; (params ())
CREATE UNIQUE INDEX "django_content_type_app_label_model_76bd3d3b_uniq" ON "django_content_type" ("app_label", "model"); (params ())
ALTER TABLE "auth_permission" RENAME TO "auth_permission__old"; (params ())
CREATE TABLE "auth_permission" ("id" integer NOT NULL PRIMARY KEY AUTOINCREMENT, "content_type_id" integer NOT NULL REFERENCES "django_content_type" ("id") DEFERRABLE INITIALLY DEFERRED, "codename" varchar(100) NOT NULL, "name" varchar(255) NOT NULL); (params None)
INSERT INTO "auth_permission" ("codename", "name", "content_type_id", "id") SELECT "codename", "name", "content_type_id", "id" FROM "auth_permission__old"; (params ())
DROP TABLE "auth_permission__old"; (params ())
CREATE UNIQUE INDEX "auth_permission_content_type_id_codename_01ab375a_uniq" ON "auth_permission" ("content_type_id", "codename"); (params ())
CREATE INDEX "auth_permission_content_type_id_2f476e4b" ON "auth_permission" ("content_type_id"); (params ())
ALTER TABLE "auth_user" RENAME TO "auth_user__old"; (params ())
CREATE TABLE "auth_user" ("id" integer NOT NULL PRIMARY KEY AUTOINCREMENT, "password" varchar(128) NOT NULL, "last_login" datetime NOT NULL, "is_superuser" bool NOT NULL, "username" varchar(30) NOT NULL UNIQUE, "first_name" varchar(30) NOT NULL, "last_name" varchar(30) NOT NULL, "is_staff" bool NOT NULL, "is_active" bool NOT NULL, "date_joined" datetime NOT NULL, "email" varchar(254) NOT NULL); (params None)
INSERT INTO "auth_user" ("is_superuser", "email", "is_staff", "last_name", "username", "first_name", "last_login", "date_joined", "password", "id", "is_active") SELECT "is_superuser", "email", "is_staff", "last_name", "username", "first_name", "last_login", "date_joined", "password", "id", "is_active" FROM "auth_user__old"; (params ())
DROP TABLE "auth_user__old"; (params ())
ALTER TABLE "auth_user" RENAME TO "auth_user__old"; (params ())
CREATE TABLE "auth_user" ("id" integer NOT NULL PRIMARY KEY AUTOINCREMENT, "password" varchar(128) NOT NULL, "last_login" datetime NOT NULL, "is_superuser" bool NOT NULL, "first_name" varchar(30) NOT NULL, "last_name" varchar(30) NOT NULL, "email" varchar(254) NOT NULL, "is_staff" bool NOT NULL, "is_active" bool NOT NULL, "date_joined" datetime NOT NULL, "username" varchar(30) NOT NULL UNIQUE); (params None)
INSERT INTO "auth_user" ("is_superuser", "email", "is_staff", "last_name", "username", "first_name", "last_login", "date_joined", "password", "id", "is_active") SELECT "is_superuser", "email", "is_staff", "last_name", "username", "first_name", "last_login", "date_joined", "password", "id", "is_active" FROM "auth_user__old"; (params ())
DROP TABLE "auth_user__old"; (params ())
ALTER TABLE "auth_user" RENAME TO "auth_user__old"; (params ())
CREATE TABLE "auth_user" ("id" integer NOT NULL PRIMARY KEY AUTOINCREMENT, "password" varchar(128) NOT NULL, "is_superuser" bool NOT NULL, "username" varchar(30) NOT NULL UNIQUE, "first_name" varchar(30) NOT NULL, "last_name" varchar(30) NOT NULL, "email" varchar(254) NOT NULL, "is_staff" bool NOT NULL, "is_active" bool NOT NULL, "date_joined" datetime NOT NULL, "last_login" datetime NULL); (params None)
INSERT INTO "auth_user" ("is_superuser", "email", "is_staff", "last_name", "username", "first_name", "last_login", "date_joined", "password", "id", "is_active") SELECT "is_superuser", "email", "is_staff", "last_name", "username", "first_name", "last_login", "date_joined", "password", "id", "is_active" FROM "auth_user__old"; (params ())
DROP TABLE "auth_user__old"; (params ())
ALTER TABLE "auth_user" RENAME TO "auth_user__old"; (params ())
CREATE TABLE "auth_user" ("id" integer NOT NULL PRIMARY KEY AUTOINCREMENT, "password" varchar(128) NOT NULL, "last_login" datetime NULL, "is_superuser" bool NOT NULL, "first_name" varchar(30) NOT NULL, "last_name" varchar(30) NOT NULL, "email" varchar(254) NOT NULL, "is_staff" bool NOT NULL, "is_active" bool NOT NULL, "date_joined" datetime NOT NULL, "username" varchar(30) NOT NULL UNIQUE); (params None)
INSERT INTO "auth_user" ("is_superuser", "email", "is_staff", "last_name", "username", "first_name", "last_login", "date_joined", "password", "id", "is_active") SELECT "is_superuser", "email", "is_staff", "last_name", "username", "first_name", "last_login", "date_joined", "password", "id", "is_active" FROM "auth_user__old"; (params ())
DROP TABLE "auth_user__old"; (params ())
ALTER TABLE "auth_user" RENAME TO "auth_user__old"; (params ())
CREATE TABLE "auth_user" ("id" integer NOT NULL PRIMARY KEY AUTOINCREMENT, "password" varchar(128) NOT NULL, "last_login" datetime NULL, "is_superuser" bool NOT NULL, "first_name" varchar(30) NOT NULL, "last_name" varchar(30) NOT NULL, "email" varchar(254) NOT NULL, "is_staff" bool NOT NULL, "is_active" bool NOT NULL, "date_joined" datetime NOT NULL, "username" varchar(150) NOT NULL UNIQUE); (params None)
INSERT INTO "auth_user" ("is_superuser", "email", "is_staff", "last_name", "username", "first_name", "last_login", "date_joined", "password", "id", "is_active") SELECT "is_superuser", "email", "is_staff", "last_name", "username", "first_name", "last_login", "date_joined", "password", "id", "is_active" FROM "auth_user__old"; (params ())
DROP TABLE "auth_user__old"; (params ())
ALTER TABLE "auth_user" RENAME TO "auth_user__old"; (params ())
CREATE TABLE "auth_user" ("id" integer NOT NULL PRIMARY KEY AUTOINCREMENT, "password" varchar(128) NOT NULL, "last_login" datetime NULL, "is_superuser" bool NOT NULL, "username" varchar(150) NOT NULL UNIQUE, "first_name" varchar(30) NOT NULL, "email" varchar(254) NOT NULL, "is_staff" bool NOT NULL, "is_active" bool NOT NULL, "date_joined" datetime NOT NULL, "last_name" varchar(150) NOT NULL); (params None)
INSERT INTO "auth_user" ("is_superuser", "email", "is_staff", "last_name", "username", "first_name", "last_login", "date_joined", "password", "id", "is_active") SELECT "is_superuser", "email", "is_staff", "last_name", "username", "first_name", "last_login", "date_joined", "password", "id", "is_active" FROM "auth_user__old"; (params ())
DROP TABLE "auth_user__old"; (params ())
CREATE TABLE "djcelery_crontabschedule" ("id" integer NOT NULL PRIMARY KEY AUTOINCREMENT, "minute" varchar(64) NOT NULL, "hour" varchar(64) NOT NULL, "day_of_week" varchar(64) NOT NULL, "day_of_month" varchar(64) NOT NULL, "month_of_year" varchar(64) NOT NULL); (params None)
CREATE TABLE "djcelery_intervalschedule" ("id" integer NOT NULL PRIMARY KEY AUTOINCREMENT, "every" integer NOT NULL, "period" varchar(24) NOT NULL); (params None)
CREATE TABLE "djcelery_periodictask" ("id" integer NOT NULL PRIMARY KEY AUTOINCREMENT, "name" varchar(200) NOT NULL UNIQUE, "task" varchar(200) NOT NULL, "args" text NOT NULL, "kwargs" text NOT NULL, "queue" varchar(200) NULL, "exchange" varchar(200) NULL, "routing_key" varchar(200) NULL, "expires" datetime NULL, "enabled" bool NOT NULL, "last_run_at" datetime NULL, "total_run_count" integer unsigned NOT NULL, "date_changed" datetime NOT NULL, "description" text NOT NULL, "crontab_id" integer NULL REFERENCES "djcelery_crontabschedule" ("id") DEFERRABLE INITIALLY DEFERRED, "interval_id" integer NULL REFERENCES "djcelery_intervalschedule" ("id") DEFERRABLE INITIALLY DEFERRED); (params None)
CREATE TABLE "djcelery_periodictasks" ("ident" smallint NOT NULL PRIMARY KEY, "last_update" datetime NOT NULL); (params None)
CREATE TABLE "celery_taskmeta" ("id" integer NOT NULL PRIMARY KEY AUTOINCREMENT, "task_id" varchar(255) NOT NULL UNIQUE, "status" varchar(50) NOT NULL, "result" text NULL, "date_done" datetime NOT NULL, "traceback" text NULL, "hidden" bool NOT NULL, "meta" text NULL); (params None)
CREATE TABLE "celery_tasksetmeta" ("id" integer NOT NULL PRIMARY KEY AUTOINCREMENT, "taskset_id" varchar(255) NOT NULL UNIQUE, "result" text NOT NULL, "date_done" datetime NOT NULL, "hidden" bool NOT NULL); (params None)
CREATE TABLE "djcelery_taskstate" ("id" integer NOT NULL PRIMARY KEY AUTOINCREMENT, "state" varchar(64) NOT NULL, "task_id" varchar(36) NOT NULL UNIQUE, "name" varchar(200) NULL, "tstamp" datetime NOT NULL, "args" text NULL, "kwargs" text NULL, "eta" datetime NULL, "expires" datetime NULL, "result" text NULL, "traceback" text NULL, "runtime" real NULL, "retries" integer NOT NULL, "hidden" bool NOT NULL); (params None)
CREATE TABLE "djcelery_workerstate" ("id" integer NOT NULL PRIMARY KEY AUTOINCREMENT, "hostname" varchar(255) NOT NULL UNIQUE, "last_heartbeat" datetime NULL); (params None)
ALTER TABLE "djcelery_taskstate" RENAME TO "djcelery_taskstate__old"; (params ())
CREATE TABLE "djcelery_taskstate" ("id" integer NOT NULL PRIMARY KEY AUTOINCREMENT, "state" varchar(64) NOT NULL, "task_id" varchar(36) NOT NULL UNIQUE, "name" varchar(200) NULL, "tstamp" datetime NOT NULL, "args" text NULL, "kwargs" text NULL, "eta" datetime NULL, "expires" datetime NULL, "result" text NULL, "traceback" text NULL, "runtime" real NULL, "retries" integer NOT NULL, "hidden" bool NOT NULL, "worker_id" integer NULL REFERENCES "djcelery_workerstate" ("id") DEFERRABLE INITIALLY DEFERRED); (params None)
INSERT INTO "djcelery_taskstate" ("args", "kwargs", "eta", "retries", "state", "result", "runtime", "id", "task_id", "expires", "traceback", "tstamp", "name", "hidden", "worker_id") SELECT "args", "kwargs", "eta", "retries", "state", "result", "runtime", "id", "task_id", "expires", "traceback", "tstamp", "name", "hidden", NULL FROM "djcelery_taskstate__old"; (params ())
DROP TABLE "djcelery_taskstate__old"; (params ())
CREATE INDEX "djcelery_periodictask_crontab_id_75609bab" ON "djcelery_periodictask" ("crontab_id"); (params ())
CREATE INDEX "djcelery_periodictask_interval_id_b426ab02" ON "djcelery_periodictask" ("interval_id"); (params ())
CREATE INDEX "celery_taskmeta_hidden_23fd02dc" ON "celery_taskmeta" ("hidden"); (params ())
CREATE INDEX "celery_tasksetmeta_hidden_593cfc24" ON "celery_tasksetmeta" ("hidden"); (params ())
CREATE INDEX "djcelery_workerstate_last_heartbeat_4539b544" ON "djcelery_workerstate" ("last_heartbeat"); (params ())
CREATE INDEX "djcelery_taskstate_state_53543be4" ON "djcelery_taskstate" ("state"); (params ())
CREATE INDEX "djcelery_taskstate_name_8af9eded" ON "djcelery_taskstate" ("name"); (params ())
CREATE INDEX "djcelery_taskstate_tstamp_4c3f93a1" ON "djcelery_taskstate" ("tstamp"); (params ())
CREATE INDEX "djcelery_taskstate_hidden_c3905e57" ON "djcelery_taskstate" ("hidden"); (params ())
CREATE INDEX "djcelery_taskstate_worker_id_f7f57a05" ON "djcelery_taskstate" ("worker_id"); (params ())
CREATE TABLE "django_session" ("session_key" varchar(40) NOT NULL PRIMARY KEY, "session_data" text NOT NULL, "expire_date" datetime NOT NULL); (params None)
CREATE INDEX "django_session_expire_date_a5c62663" ON "django_session" ("expire_date"); (params ())
(0.003) 
            SELECT name, type FROM sqlite_master
            WHERE type in ('table', 'view') AND NOT name='sqlite_sequence'
            ORDER BY name; args=None
(0.000) SELECT "django_migrations"."app", "django_migrations"."name" FROM "django_migrations"; args=()
(0.001) SELECT "Seller_goodstype"."id", "Seller_goodstype"."type_label", "Seller_goodstype"."type_description", "Seller_goodstype"."picture" FROM "Seller_goodstype"; args=()
(0.000) SELECT "Seller_goods"."id", "Seller_goods"."goods_number", "Seller_goods"."goods_name", "Seller_goods"."goods_location", "Seller_goods"."goods_price", "Seller_goods"."goods_pro_time", "Seller_goods"."goods_safe_date", "Seller_goods"."goods_count", "Seller_goods"."goods_status", "Seller_goods"."goods_description", "Seller_goods"."picture", "Seller_goods"."goods_type_id", "Seller_goods"."goods_store_id" FROM "Seller_goods" WHERE "Seller_goods"."goods_type_id" = 1 ORDER BY "Seller_goods"."goods_pro_time" DESC; args=(1,)
(0.001) SELECT "Seller_goods"."id", "Seller_goods"."goods_number", "Seller_goods"."goods_name", "Seller_goods"."goods_location", "Seller_goods"."goods_price", "Seller_goods"."goods_pro_time", "Seller_goods"."goods_safe_date", "Seller_goods"."goods_count", "Seller_goods"."goods_status", "Seller_goods"."goods_description", "Seller_goods"."picture", "Seller_goods"."goods_type_id", "Seller_goods"."goods_store_id" FROM "Seller_goods" WHERE "Seller_goods"."goods_type_id" = 2 ORDER BY "Seller_goods"."goods_pro_time" DESC; args=(2,)
(0.000) SELECT "Seller_goods"."id", "Seller_goods"."goods_number", "Seller_goods"."goods_name", "Seller_goods"."goods_location", "Seller_goods"."goods_price", "Seller_goods"."goods_pro_time", "Seller_goods"."goods_safe_date", "Seller_goods"."goods_count", "Seller_goods"."goods_status", "Seller_goods"."goods_description", "Seller_goods"."picture", "Seller_goods"."goods_type_id", "Seller_goods"."goods_store_id" FROM "Seller_goods" WHERE "Seller_goods"."goods_type_id" = 3 ORDER BY "Seller_goods"."goods_pro_time" DESC; args=(3,)
(0.000) SELECT "Seller_goods"."id", "Seller_goods"."goods_number", "Seller_goods"."goods_name", "Seller_goods"."goods_location", "Seller_goods"."goods_price", "Seller_goods"."goods_pro_time", "Seller_goods"."goods_safe_date", "Seller_goods"."goods_count", "Seller_goods"."goods_status", "Seller_goods"."goods_description", "Seller_goods"."picture", "Seller_goods"."goods_type_id", "Seller_goods"."goods_store_id" FROM "Seller_goods" WHERE "Seller_goods"."goods_type_id" = 4 ORDER BY "Seller_goods"."goods_pro_time" DESC; args=(4,)
(0.000) SELECT "Seller_goods"."id", "Seller_goods"."goods_number", "Seller_goods"."goods_name", "Seller_goods"."goods_location", "Seller_goods"."goods_price", "Seller_goods"."goods_pro_time", "Seller_goods"."goods_safe_date", "Seller_goods"."goods_count", "Seller_goods"."goods_status", "Seller_goods"."goods_description", "Seller_goods"."picture", "Seller_goods"."goods_type_id", "Seller_goods"."goods_store_id" FROM "Seller_goods" WHERE "Seller_goods"."goods_type_id" = 5 ORDER BY "Seller_goods"."goods_pro_time" DESC; args=(5,)
(0.000) SELECT "Seller_goods"."id", "Seller_goods"."goods_number", "Seller_goods"."goods_name", "Seller_goods"."goods_location", "Seller_goods"."goods_price", "Seller_goods"."goods_pro_time", "Seller_goods"."goods_safe_date", "Seller_goods"."goods_count", "Seller_goods"."goods_status", "Seller_goods"."goods_description", "Seller_goods"."picture", "Seller_goods"."goods_type_id", "Seller_goods"."goods_store_id" FROM "Seller_goods" WHERE "Seller_goods"."goods_type_id" = 6 ORDER BY "Seller_goods"."goods_pro_time" DESC; args=(6,)
Exception while resolving variable 'username' in template 'buyer/index.html'.
Traceback (most recent call last):
  File "C:\ProgramData\Anaconda3\envs\myfirstV\lib\site-packages\django\template\base.py", line 829, in _resolve_lookup
    current = current[bit]
KeyError: 'username'

During handling of the above exception, another exception occurred:

Traceback (most recent call last):
  File "C:\ProgramData\Anaconda3\envs\myfirstV\lib\site-packages\django\template\base.py", line 837, in _resolve_lookup
    current = getattr(current, bit)
AttributeError: 'dict' object has no attribute 'username'

During handling of the above exception, another exception occurred:

Traceback (most recent call last):
  File "C:\ProgramData\Anaconda3\envs\myfirstV\lib\site-packages\django\template\base.py", line 843, in _resolve_lookup
    current = current[int(bit)]
ValueError: invalid literal for int() with base 10: 'username'

During handling of the above exception, another exception occurred:

Traceback (most recent call last):
  File "C:\ProgramData\Anaconda3\envs\myfirstV\lib\site-packages\django\template\base.py", line 850, in _resolve_lookup
    (bit, current))  # missing attribute
django.template.base.VariableDoesNotExist: Failed lookup for key [username] in {'csrftoken': 'i5UipZ8jcubAun0Uf5SFRjglHZefrHE1KDDaIoez8VnINAuWQldZuiaP85CtvoYq', 'sessionid': '8k3z6a8ycuiwpxam73rqegj48muvpi9r'}
"GET / HTTP/1.1" 200 9698
"GET /static/buyer/css/reset.css HTTP/1.1" 304 0
"GET /static/buyer/css/main.css HTTP/1.1" 304 0
"GET /static/buyer/js/jquery-ui.min.js HTTP/1.1" 304 0
"GET /static/buyer/js/jquery-1.12.4.min.js HTTP/1.1" 304 0
"GET /static/buyer/images/lunbo1.jpg HTTP/1.1" 304 0
"GET /static/buyer/images/tubiao111.png HTTP/1.1" 304 0
"GET /static/buyer/js/slide.js HTTP/1.1" 304 0
"GET /static/buyer/images/lunbo2.jpg HTTP/1.1" 304 0
"GET /static/buyer/images/lunbo4.jpg HTTP/1.1" 304 0
"GET /static/buyer/images/lunbo3.jpg HTTP/1.1" 304 0
"GET /static/buyer/images/adv02.jpg HTTP/1.1" 304 0
"GET /static/buyer/images/adv01.jpg HTTP/1.1" 304 0
"GET /static/seller/images/banner01.jpg HTTP/1.1" 304 0
"GET /static/seller/images/01xiangjiao.jpg HTTP/1.1" 304 0
"GET /static/seller/images/01lizhi.jpg HTTP/1.1" 304 0
"GET /static/seller/images/01mihoutao.jpg HTTP/1.1" 304 0
"GET /static/seller/images/01huangtao.jpg HTTP/1.1" 304 0
"GET /static/buyer/images/icons.png HTTP/1.1" 304 0
"GET /static/seller/images/banner02.jpg HTTP/1.1" 304 0
"GET /static/seller/images/bazhuayu.jpg HTTP/1.1" 304 0
"GET /static/seller/images/xie.jpg HTTP/1.1" 304 0
"GET /static/seller/images/xia.jpg HTTP/1.1" 304 0
"GET /static/seller/images/banner03.jpg HTTP/1.1" 304 0
"GET /static/seller/images/youyu.jpg HTTP/1.1" 304 0
"GET /static/seller/images/03niu.jpg HTTP/1.1" 304 0
"GET /static/seller/images/03lv.jpg HTTP/1.1" 304 0
"GET /static/seller/images/03yang.jpg HTTP/1.1" 304 0
"GET /static/seller/images/03zhu.jpg HTTP/1.1" 304 0
Exception while resolving variable 'name' in template 'unknown'.
Traceback (most recent call last):
  File "C:\ProgramData\Anaconda3\envs\myfirstV\lib\site-packages\django\core\handlers\exception.py", line 34, in inner
    response = get_response(request)
  File "C:\ProgramData\Anaconda3\envs\myfirstV\lib\site-packages\django\core\handlers\base.py", line 111, in _get_response
    resolver_match = resolver.resolve(request.path_info)
  File "C:\ProgramData\Anaconda3\envs\myfirstV\lib\site-packages\django\urls\resolvers.py", line 520, in resolve
    raise Resolver404({'tried': tried, 'path': new_path})
django.urls.exceptions.Resolver404: {'path': 'favicon.ico', 'tried': [[<URLResolver <module 'Seller.urls' from 'E:\\site\\myfirstsite\\Qshop\\Seller\\urls.py'> (None:None) 'Seller/'>], [<URLResolver <module 'Buyer.urls' from 'E:\\site\\myfirstsite\\Qshop\\Buyer\\urls.py'> (None:None) 'Buyer/'>], [<URLPattern '^$'>]]}

During handling of the above exception, another exception occurred:

Traceback (most recent call last):
  File "C:\ProgramData\Anaconda3\envs\myfirstV\lib\site-packages\django\template\base.py", line 829, in _resolve_lookup
    current = current[bit]
TypeError: 'URLResolver' object is not subscriptable

During handling of the above exception, another exception occurred:

Traceback (most recent call last):
  File "C:\ProgramData\Anaconda3\envs\myfirstV\lib\site-packages\django\template\base.py", line 837, in _resolve_lookup
    current = getattr(current, bit)
AttributeError: 'URLResolver' object has no attribute 'name'

During handling of the above exception, another exception occurred:

Traceback (most recent call last):
  File "C:\ProgramData\Anaconda3\envs\myfirstV\lib\site-packages\django\template\base.py", line 843, in _resolve_lookup
    current = current[int(bit)]
ValueError: invalid literal for int() with base 10: 'name'

During handling of the above exception, another exception occurred:

Traceback (most recent call last):
  File "C:\ProgramData\Anaconda3\envs\myfirstV\lib\site-packages\django\template\base.py", line 850, in _resolve_lookup
    (bit, current))  # missing attribute
django.template.base.VariableDoesNotExist: Failed lookup for key [name] in <URLResolver <module 'Seller.urls' from 'E:\\site\\myfirstsite\\Qshop\\Seller\\urls.py'> (None:None) 'Seller/'>
Exception while resolving variable 'name' in template 'unknown'.
Traceback (most recent call last):
  File "C:\ProgramData\Anaconda3\envs\myfirstV\lib\site-packages\django\core\handlers\exception.py", line 34, in inner
    response = get_response(request)
  File "C:\ProgramData\Anaconda3\envs\myfirstV\lib\site-packages\django\core\handlers\base.py", line 111, in _get_response
    resolver_match = resolver.resolve(request.path_info)
  File "C:\ProgramData\Anaconda3\envs\myfirstV\lib\site-packages\django\urls\resolvers.py", line 520, in resolve
    raise Resolver404({'tried': tried, 'path': new_path})
django.urls.exceptions.Resolver404: {'path': 'favicon.ico', 'tried': [[<URLResolver <module 'Seller.urls' from 'E:\\site\\myfirstsite\\Qshop\\Seller\\urls.py'> (None:None) 'Seller/'>], [<URLResolver <module 'Buyer.urls' from 'E:\\site\\myfirstsite\\Qshop\\Buyer\\urls.py'> (None:None) 'Buyer/'>], [<URLPattern '^$'>]]}

During handling of the above exception, another exception occurred:

Traceback (most recent call last):
  File "C:\ProgramData\Anaconda3\envs\myfirstV\lib\site-packages\django\template\base.py", line 829, in _resolve_lookup
    current = current[bit]
TypeError: 'URLResolver' object is not subscriptable

During handling of the above exception, another exception occurred:

Traceback (most recent call last):
  File "C:\ProgramData\Anaconda3\envs\myfirstV\lib\site-packages\django\template\base.py", line 837, in _resolve_lookup
    current = getattr(current, bit)
AttributeError: 'URLResolver' object has no attribute 'name'

During handling of the above exception, another exception occurred:

Traceback (most recent call last):
  File "C:\ProgramData\Anaconda3\envs\myfirstV\lib\site-packages\django\template\base.py", line 843, in _resolve_lookup
    current = current[int(bit)]
ValueError: invalid literal for int() with base 10: 'name'

During handling of the above exception, another exception occurred:

Traceback (most recent call last):
  File "C:\ProgramData\Anaconda3\envs\myfirstV\lib\site-packages\django\template\base.py", line 850, in _resolve_lookup
    (bit, current))  # missing attribute
django.template.base.VariableDoesNotExist: Failed lookup for key [name] in <URLResolver <module 'Buyer.urls' from 'E:\\site\\myfirstsite\\Qshop\\Buyer\\urls.py'> (None:None) 'Buyer/'>
Not Found: /favicon.ico
"GET /favicon.ico HTTP/1.1" 404 2180
(0.001) SELECT "Seller_goods"."id", "Seller_goods"."goods_number", "Seller_goods"."goods_name", "Seller_goods"."goods_location", "Seller_goods"."goods_price", "Seller_goods"."goods_pro_time", "Seller_goods"."goods_safe_date", "Seller_goods"."goods_count", "Seller_goods"."goods_status", "Seller_goods"."goods_description", "Seller_goods"."picture", "Seller_goods"."goods_type_id", "Seller_goods"."goods_store_id" FROM "Seller_goods" WHERE "Seller_goods"."id" = 19; args=(19,)
Exception while resolving variable 'username' in template 'buyer/detail.html'.
Traceback (most recent call last):
  File "C:\ProgramData\Anaconda3\envs\myfirstV\lib\site-packages\django\template\base.py", line 829, in _resolve_lookup
    current = current[bit]
KeyError: 'username'

During handling of the above exception, another exception occurred:

Traceback (most recent call last):
  File "C:\ProgramData\Anaconda3\envs\myfirstV\lib\site-packages\django\template\base.py", line 837, in _resolve_lookup
    current = getattr(current, bit)
AttributeError: 'dict' object has no attribute 'username'

During handling of the above exception, another exception occurred:

Traceback (most recent call last):
  File "C:\ProgramData\Anaconda3\envs\myfirstV\lib\site-packages\django\template\base.py", line 843, in _resolve_lookup
    current = current[int(bit)]
ValueError: invalid literal for int() with base 10: 'username'

During handling of the above exception, another exception occurred:

Traceback (most recent call last):
  File "C:\ProgramData\Anaconda3\envs\myfirstV\lib\site-packages\django\template\base.py", line 850, in _resolve_lookup
    (bit, current))  # missing attribute
django.template.base.VariableDoesNotExist: Failed lookup for key [username] in {'csrftoken': 'i5UipZ8jcubAun0Uf5SFRjglHZefrHE1KDDaIoez8VnINAuWQldZuiaP85CtvoYq', 'sessionid': '8k3z6a8ycuiwpxam73rqegj48muvpi9r'}
"GET /Buyer/goods_detail/19/ HTTP/1.1" 200 7996
(0.002) SELECT "Seller_goods"."id", "Seller_goods"."goods_number", "Seller_goods"."goods_name", "Seller_goods"."goods_location", "Seller_goods"."goods_price", "Seller_goods"."goods_pro_time", "Seller_goods"."goods_safe_date", "Seller_goods"."goods_count", "Seller_goods"."goods_status", "Seller_goods"."goods_description", "Seller_goods"."picture", "Seller_goods"."goods_type_id", "Seller_goods"."goods_store_id" FROM "Seller_goods" WHERE "Seller_goods"."id" = 19; args=(19,)
Exception while resolving variable 'username' in template 'buyer/detail.html'.
Traceback (most recent call last):
  File "C:\ProgramData\Anaconda3\envs\myfirstV\lib\site-packages\django\template\base.py", line 829, in _resolve_lookup
    current = current[bit]
KeyError: 'username'

During handling of the above exception, another exception occurred:

Traceback (most recent call last):
  File "C:\ProgramData\Anaconda3\envs\myfirstV\lib\site-packages\django\template\base.py", line 837, in _resolve_lookup
    current = getattr(current, bit)
AttributeError: 'dict' object has no attribute 'username'

During handling of the above exception, another exception occurred:

Traceback (most recent call last):
  File "C:\ProgramData\Anaconda3\envs\myfirstV\lib\site-packages\django\template\base.py", line 843, in _resolve_lookup
    current = current[int(bit)]
ValueError: invalid literal for int() with base 10: 'username'

During handling of the above exception, another exception occurred:

Traceback (most recent call last):
  File "C:\ProgramData\Anaconda3\envs\myfirstV\lib\site-packages\django\template\base.py", line 850, in _resolve_lookup
    (bit, current))  # missing attribute
django.template.base.VariableDoesNotExist: Failed lookup for key [username] in {'csrftoken': 'i5UipZ8jcubAun0Uf5SFRjglHZefrHE1KDDaIoez8VnINAuWQldZuiaP85CtvoYq', 'sessionid': '8k3z6a8ycuiwpxam73rqegj48muvpi9r'}
"GET /Buyer/goods_detail/19/images/goods/goods001.jpg HTTP/1.1" 200 7996
(0.001) SELECT "Seller_goods"."id", "Seller_goods"."goods_number", "Seller_goods"."goods_name", "Seller_goods"."goods_location", "Seller_goods"."goods_price", "Seller_goods"."goods_pro_time", "Seller_goods"."goods_safe_date", "Seller_goods"."goods_count", "Seller_goods"."goods_status", "Seller_goods"."goods_description", "Seller_goods"."picture", "Seller_goods"."goods_type_id", "Seller_goods"."goods_store_id" FROM "Seller_goods" WHERE "Seller_goods"."id" = 19; args=(19,)
Exception while resolving variable 'username' in template 'buyer/detail.html'.
Traceback (most recent call last):
  File "C:\ProgramData\Anaconda3\envs\myfirstV\lib\site-packages\django\template\base.py", line 829, in _resolve_lookup
    current = current[bit]
KeyError: 'username'

During handling of the above exception, another exception occurred:

Traceback (most recent call last):
  File "C:\ProgramData\Anaconda3\envs\myfirstV\lib\site-packages\django\template\base.py", line 837, in _resolve_lookup
    current = getattr(current, bit)
AttributeError: 'dict' object has no attribute 'username'

During handling of the above exception, another exception occurred:

Traceback (most recent call last):
  File "C:\ProgramData\Anaconda3\envs\myfirstV\lib\site-packages\django\template\base.py", line 843, in _resolve_lookup
    current = current[int(bit)]
ValueError: invalid literal for int() with base 10: 'username'

During handling of the above exception, another exception occurred:

Traceback (most recent call last):
  File "C:\ProgramData\Anaconda3\envs\myfirstV\lib\site-packages\django\template\base.py", line 850, in _resolve_lookup
    (bit, current))  # missing attribute
django.template.base.VariableDoesNotExist: Failed lookup for key [username] in {'csrftoken': 'i5UipZ8jcubAun0Uf5SFRjglHZefrHE1KDDaIoez8VnINAuWQldZuiaP85CtvoYq', 'sessionid': '8k3z6a8ycuiwpxam73rqegj48muvpi9r'}
"GET /Buyer/goods_detail/19/images/goods/goods002.jpg HTTP/1.1" 200 7996
"GET /Buyer/login/ HTTP/1.1" 200 2087
"GET /static/buyer/images/logo02.png HTTP/1.1" 304 0
"GET /static/buyer/images/login_banner.png HTTP/1.1" 304 0
"GET /static/buyer/images/icons02.png HTTP/1.1" 304 0
(0.001) SELECT "Seller_loginuser"."id", "Seller_loginuser"."email", "Seller_loginuser"."password", "Seller_loginuser"."username", "Seller_loginuser"."phone_number", "Seller_loginuser"."photo", "Seller_loginuser"."age", "Seller_loginuser"."gender", "Seller_loginuser"."address", "Seller_loginuser"."user_type" FROM "Seller_loginuser" WHERE "Seller_loginuser"."email" = 'luxun@qq.com' ORDER BY "Seller_loginuser"."id" ASC  LIMIT 1; args=('luxun@qq.com',)
(0.000) SELECT "django_session"."session_key", "django_session"."session_data", "django_session"."expire_date" FROM "django_session" WHERE ("django_session"."expire_date" > '2019-09-20 21:03:48.106932' AND "django_session"."session_key" = '8k3z6a8ycuiwpxam73rqegj48muvpi9r'); args=('2019-09-20 21:03:48.106932', '8k3z6a8ycuiwpxam73rqegj48muvpi9r')
kaiinluxun is login
(0.000) BEGIN; args=None
(0.003) UPDATE "django_session" SET "session_data" = 'NTQxMmVkYjIxNDUxNmMyMWEzOTVjZDBiMzZmMGNiMGFhNWVmNzM3Zjp7ImVtYWlsIjoibHV4dW5AcXEuY29tIiwidXNlcm5hbWUiOiJrYWlpbmx1eHVuIn0=', "expire_date" = '2019-10-04 21:03:48.110932' WHERE "django_session"."session_key" = '8k3z6a8ycuiwpxam73rqegj48muvpi9r'; args=('NTQxMmVkYjIxNDUxNmMyMWEzOTVjZDBiMzZmMGNiMGFhNWVmNzM3Zjp7ImVtYWlsIjoibHV4dW5AcXEuY29tIiwidXNlcm5hbWUiOiJrYWlpbmx1eHVuIn0=', '2019-10-04 21:03:48.110932', '8k3z6a8ycuiwpxam73rqegj48muvpi9r')
"POST /Buyer/login/ HTTP/1.1" 302 0
(0.001) SELECT "Seller_goodstype"."id", "Seller_goodstype"."type_label", "Seller_goodstype"."type_description", "Seller_goodstype"."picture" FROM "Seller_goodstype"; args=()
(0.000) SELECT "Seller_goods"."id", "Seller_goods"."goods_number", "Seller_goods"."goods_name", "Seller_goods"."goods_location", "Seller_goods"."goods_price", "Seller_goods"."goods_pro_time", "Seller_goods"."goods_safe_date", "Seller_goods"."goods_count", "Seller_goods"."goods_status", "Seller_goods"."goods_description", "Seller_goods"."picture", "Seller_goods"."goods_type_id", "Seller_goods"."goods_store_id" FROM "Seller_goods" WHERE "Seller_goods"."goods_type_id" = 1 ORDER BY "Seller_goods"."goods_pro_time" DESC; args=(1,)
(0.000) SELECT "Seller_goods"."id", "Seller_goods"."goods_number", "Seller_goods"."goods_name", "Seller_goods"."goods_location", "Seller_goods"."goods_price", "Seller_goods"."goods_pro_time", "Seller_goods"."goods_safe_date", "Seller_goods"."goods_count", "Seller_goods"."goods_status", "Seller_goods"."goods_description", "Seller_goods"."picture", "Seller_goods"."goods_type_id", "Seller_goods"."goods_store_id" FROM "Seller_goods" WHERE "Seller_goods"."goods_type_id" = 2 ORDER BY "Seller_goods"."goods_pro_time" DESC; args=(2,)
(0.000) SELECT "Seller_goods"."id", "Seller_goods"."goods_number", "Seller_goods"."goods_name", "Seller_goods"."goods_location", "Seller_goods"."goods_price", "Seller_goods"."goods_pro_time", "Seller_goods"."goods_safe_date", "Seller_goods"."goods_count", "Seller_goods"."goods_status", "Seller_goods"."goods_description", "Seller_goods"."picture", "Seller_goods"."goods_type_id", "Seller_goods"."goods_store_id" FROM "Seller_goods" WHERE "Seller_goods"."goods_type_id" = 3 ORDER BY "Seller_goods"."goods_pro_time" DESC; args=(3,)
(0.000) SELECT "Seller_goods"."id", "Seller_goods"."goods_number", "Seller_goods"."goods_name", "Seller_goods"."goods_location", "Seller_goods"."goods_price", "Seller_goods"."goods_pro_time", "Seller_goods"."goods_safe_date", "Seller_goods"."goods_count", "Seller_goods"."goods_status", "Seller_goods"."goods_description", "Seller_goods"."picture", "Seller_goods"."goods_type_id", "Seller_goods"."goods_store_id" FROM "Seller_goods" WHERE "Seller_goods"."goods_type_id" = 4 ORDER BY "Seller_goods"."goods_pro_time" DESC; args=(4,)
(0.000) SELECT "Seller_goods"."id", "Seller_goods"."goods_number", "Seller_goods"."goods_name", "Seller_goods"."goods_location", "Seller_goods"."goods_price", "Seller_goods"."goods_pro_time", "Seller_goods"."goods_safe_date", "Seller_goods"."goods_count", "Seller_goods"."goods_status", "Seller_goods"."goods_description", "Seller_goods"."picture", "Seller_goods"."goods_type_id", "Seller_goods"."goods_store_id" FROM "Seller_goods" WHERE "Seller_goods"."goods_type_id" = 5 ORDER BY "Seller_goods"."goods_pro_time" DESC; args=(5,)
(0.000) SELECT "Seller_goods"."id", "Seller_goods"."goods_number", "Seller_goods"."goods_name", "Seller_goods"."goods_location", "Seller_goods"."goods_price", "Seller_goods"."goods_pro_time", "Seller_goods"."goods_safe_date", "Seller_goods"."goods_count", "Seller_goods"."goods_status", "Seller_goods"."goods_description", "Seller_goods"."picture", "Seller_goods"."goods_type_id", "Seller_goods"."goods_store_id" FROM "Seller_goods" WHERE "Seller_goods"."goods_type_id" = 6 ORDER BY "Seller_goods"."goods_pro_time" DESC; args=(6,)
"GET /Buyer/index/ HTTP/1.1" 200 9733
(0.002) SELECT "Seller_goods"."id", "Seller_goods"."goods_number", "Seller_goods"."goods_name", "Seller_goods"."goods_location", "Seller_goods"."goods_price", "Seller_goods"."goods_pro_time", "Seller_goods"."goods_safe_date", "Seller_goods"."goods_count", "Seller_goods"."goods_status", "Seller_goods"."goods_description", "Seller_goods"."picture", "Seller_goods"."goods_type_id", "Seller_goods"."goods_store_id" FROM "Seller_goods" WHERE "Seller_goods"."id" = 22; args=(22,)
"GET /Buyer/goods_detail/22/ HTTP/1.1" 200 8030
(0.001) SELECT "Seller_goods"."id", "Seller_goods"."goods_number", "Seller_goods"."goods_name", "Seller_goods"."goods_location", "Seller_goods"."goods_price", "Seller_goods"."goods_pro_time", "Seller_goods"."goods_safe_date", "Seller_goods"."goods_count", "Seller_goods"."goods_status", "Seller_goods"."goods_description", "Seller_goods"."picture", "Seller_goods"."goods_type_id", "Seller_goods"."goods_store_id" FROM "Seller_goods" WHERE "Seller_goods"."id" = 22; args=(22,)
"GET /Buyer/goods_detail/22/images/goods/goods002.jpg HTTP/1.1" 200 8030
(0.001) SELECT "Seller_goods"."id", "Seller_goods"."goods_number", "Seller_goods"."goods_name", "Seller_goods"."goods_location", "Seller_goods"."goods_price", "Seller_goods"."goods_pro_time", "Seller_goods"."goods_safe_date", "Seller_goods"."goods_count", "Seller_goods"."goods_status", "Seller_goods"."goods_description", "Seller_goods"."picture", "Seller_goods"."goods_type_id", "Seller_goods"."goods_store_id" FROM "Seller_goods" WHERE "Seller_goods"."id" = 22; args=(22,)
"GET /Buyer/goods_detail/22/images/goods/goods001.jpg HTTP/1.1" 200 8030
(0.000) SELECT "django_session"."session_key", "django_session"."session_data", "django_session"."expire_date" FROM "django_session" WHERE ("django_session"."expire_date" > '2019-09-20 21:03:51.954152' AND "django_session"."session_key" = '8k3z6a8ycuiwpxam73rqegj48muvpi9r'); args=('2019-09-20 21:03:51.954152', '8k3z6a8ycuiwpxam73rqegj48muvpi9r')
(0.000) SELECT "Seller_goods"."id", "Seller_goods"."goods_number", "Seller_goods"."goods_name", "Seller_goods"."goods_location", "Seller_goods"."goods_price", "Seller_goods"."goods_pro_time", "Seller_goods"."goods_safe_date", "Seller_goods"."goods_count", "Seller_goods"."goods_status", "Seller_goods"."goods_description", "Seller_goods"."picture", "Seller_goods"."goods_type_id", "Seller_goods"."goods_store_id" FROM "Seller_goods" WHERE "Seller_goods"."id" = 22; args=(22,)
(0.000) BEGIN; args=None
(0.000) INSERT INTO "Buyer_cart" ("goods_name", "goods_number", "goods_price", "goods_picture", "goods_total", "goods_id", "cart_user") VALUES ('黄桃', 12, 12.0, 'seller/images/01huangtao.jpg', 144.0, 22, 1); args=['黄桃', 12, 12.0, 'seller/images/01huangtao.jpg', 144.0, 22, 1]
"POST /Buyer/add_cart/ HTTP/1.1" 200 86
(0.001) SELECT COUNT(*) AS "__count" FROM "Buyer_cart" WHERE "Buyer_cart"."cart_user" = 1; args=(1,)
(0.000) SELECT "Buyer_cart"."id", "Buyer_cart"."goods_name", "Buyer_cart"."goods_number", "Buyer_cart"."goods_price", "Buyer_cart"."goods_picture", "Buyer_cart"."goods_total", "Buyer_cart"."goods_id", "Buyer_cart"."cart_user" FROM "Buyer_cart" WHERE "Buyer_cart"."cart_user" = 1 ORDER BY "Buyer_cart"."id" DESC; args=(1,)
"GET /Buyer/cart/ HTTP/1.1" 200 7332
(0.001) SELECT "django_session"."session_key", "django_session"."session_data", "django_session"."expire_date" FROM "django_session" WHERE ("django_session"."expire_date" > '2019-09-20 21:03:57.218453' AND "django_session"."session_key" = '8k3z6a8ycuiwpxam73rqegj48muvpi9r'); args=('2019-09-20 21:03:57.218453', '8k3z6a8ycuiwpxam73rqegj48muvpi9r')
(0.001) SELECT "Seller_loginuser"."id", "Seller_loginuser"."email", "Seller_loginuser"."password", "Seller_loginuser"."username", "Seller_loginuser"."phone_number", "Seller_loginuser"."photo", "Seller_loginuser"."age", "Seller_loginuser"."gender", "Seller_loginuser"."address", "Seller_loginuser"."user_type" FROM "Seller_loginuser" WHERE "Seller_loginuser"."id" = 1; args=(1,)
(0.000) BEGIN; args=None
(0.004) INSERT INTO "Buyer_payorder" ("order_number", "order_data", "order_total", "order_user_id") VALUES ('15689846372224536', '2019-09-20 21:03:57.225453', NULL, 1); args=['15689846372224536', '2019-09-20 21:03:57.225453', None, 1]
(0.000) SELECT "Seller_goods"."id", "Seller_goods"."goods_number", "Seller_goods"."goods_name", "Seller_goods"."goods_location", "Seller_goods"."goods_price", "Seller_goods"."goods_pro_time", "Seller_goods"."goods_safe_date", "Seller_goods"."goods_count", "Seller_goods"."goods_status", "Seller_goods"."goods_description", "Seller_goods"."picture", "Seller_goods"."goods_type_id", "Seller_goods"."goods_store_id" FROM "Seller_goods" WHERE "Seller_goods"."id" = 22; args=(22,)
(0.000) SELECT "Seller_loginuser"."id", "Seller_loginuser"."email", "Seller_loginuser"."password", "Seller_loginuser"."username", "Seller_loginuser"."phone_number", "Seller_loginuser"."photo", "Seller_loginuser"."age", "Seller_loginuser"."gender", "Seller_loginuser"."address", "Seller_loginuser"."user_type" FROM "Seller_loginuser" WHERE "Seller_loginuser"."id" = 1; args=(1,)
(0.000) BEGIN; args=None
(0.000) INSERT INTO "Buyer_orderinfo" ("order_id_id", "goods_id", "goods_picture", "goods_name", "goods_count", "goods_price", "goods_status", "goods_total_price", "store_id_id") VALUES (59, 22, 'seller/images/01huangtao.jpg', '黄桃', 12, 12.0, 0, 144.0, 1); args=[59, 22, 'seller/images/01huangtao.jpg', '黄桃', 12, 12.0, 0, 144.0, 1]
(0.000) BEGIN; args=None
(0.001) UPDATE "Buyer_payorder" SET "order_number" = '15689846372224536', "order_data" = '2019-09-20 21:03:57.244454', "order_total" = 144.0, "order_user_id" = 1 WHERE "Buyer_payorder"."id" = 59; args=('15689846372224536', '2019-09-20 21:03:57.244454', 144.0, 1, 59)
(0.000) SELECT "Buyer_orderinfo"."id", "Buyer_orderinfo"."order_id_id", "Buyer_orderinfo"."goods_id", "Buyer_orderinfo"."goods_picture", "Buyer_orderinfo"."goods_name", "Buyer_orderinfo"."goods_count", "Buyer_orderinfo"."goods_price", "Buyer_orderinfo"."goods_status", "Buyer_orderinfo"."goods_total_price", "Buyer_orderinfo"."store_id_id" FROM "Buyer_orderinfo" WHERE "Buyer_orderinfo"."order_id_id" = 59; args=(59,)
"GET /Buyer/pay_order_more/?check_22=on&count_22=12&count_21=1&count_5=19&count_24=6 HTTP/1.1" 200 5437
"GET /static/buyer/images/pay_icons.png HTTP/1.1" 304 0
"GET /Buyer/alipay/?order_number=15689846372224536&total=144.0 HTTP/1.1" 302 0
"GET /Buyer/cart/ HTTP/1.1" 200 7332
"GET /Buyer/cart/ HTTP/1.1" 200 7332
"GET /Buyer/cart/ HTTP/1.1" 200 7332
